# JRE version: Java(TM) SE Runtime Environment (8.0_271-b09) (build 1.8.0_271-b09)
# Java VM: Java HotSpot(TM) 64-Bit Server VM (25.271-b09 mixed mode windows-amd64 compressed oops)
Heap:
 PSYoungGen      total 232960K, used 203284K [0x00000000eab00000, 0x0000000100000000, 0x0000000100000000)
  eden space 116736K, 81% used [0x00000000eab00000,0x00000000f07d42f8,0x00000000f1d00000)
  from space 116224K, 93% used [0x00000000f1d00000,0x00000000f86b0ed0,0x00000000f8e80000)
  to   space 116224K, 0% used [0x00000000f8e80000,0x00000000f8e80000,0x0000000100000000)
 ParOldGen       total 236032K, used 180257K [0x00000000c0000000, 0x00000000ce680000, 0x00000000eab00000)
  object space 236032K, 76% used [0x00000000c0000000,0x00000000cb0084f8,0x00000000ce680000)
 Metaspace       used 45892K, capacity 48502K, committed 48552K, reserved 1091584K
  class space    used 6353K, capacity 7064K, committed 7080K, reserved 1048576K
GC Heap History (10 events):
Event: 155.371 GC heap before
{Heap before GC invocations=69 (full 4):
 PSYoungGen      total 221184K, used 221181K [0x00000000eab00000, 0x0000000100000000, 0x0000000100000000)
  eden space 137216K, 100% used [0x00000000eab00000,0x00000000f3100000,0x00000000f3100000)
  from space 83968K, 99% used [0x00000000fab00000,0x00000000ffcff408,0x00000000ffd00000)
  to   space 105984K, 0% used [0x00000000f3100000,0x00000000f3100000,0x00000000f9880000)
 ParOldGen       total 236032K, used 165079K [0x00000000c0000000, 0x00000000ce680000, 0x00000000eab00000)
  object space 236032K, 69% used [0x00000000c0000000,0x00000000ca135f20,0x00000000ce680000)
 Metaspace       used 45395K, capacity 47986K, committed 48040K, reserved 1089536K
  class space    used 6288K, capacity 7026K, committed 7080K, reserved 1048576K
Event: 155.415 GC heap after
Heap after GC invocations=69 (full 4):
 PSYoungGen      total 243200K, used 105982K [0x00000000eab00000, 0x0000000100000000, 0x0000000100000000)
  eden space 137216K, 0% used [0x00000000eab00000,0x00000000eab00000,0x00000000f3100000)
  from space 105984K, 99% used [0x00000000f3100000,0x00000000f987f918,0x00000000f9880000)
  to   space 105984K, 0% used [0x00000000f9880000,0x00000000f9880000,0x0000000100000000)
 ParOldGen       total 236032K, used 173187K [0x00000000c0000000, 0x00000000ce680000, 0x00000000eab00000)
  object space 236032K, 73% used [0x00000000c0000000,0x00000000ca920fc0,0x00000000ce680000)
 Metaspace       used 45395K, capacity 47986K, committed 48040K, reserved 1089536K
  class space    used 6288K, capacity 7026K, committed 7080K, reserved 1048576K
}
Event: 158.866 GC heap before
{Heap before GC invocations=70 (full 4):
 PSYoungGen      total 243200K, used 243198K [0x00000000eab00000, 0x0000000100000000, 0x0000000100000000)
  eden space 137216K, 100% used [0x00000000eab00000,0x00000000f3100000,0x00000000f3100000)
  from space 105984K, 99% used [0x00000000f3100000,0x00000000f987f918,0x00000000f9880000)
  to   space 105984K, 0% used [0x00000000f9880000,0x00000000f9880000,0x0000000100000000)
 ParOldGen       total 236032K, used 173187K [0x00000000c0000000, 0x00000000ce680000, 0x00000000eab00000)
  object space 236032K, 73% used [0x00000000c0000000,0x00000000ca920fc0,0x00000000ce680000)
 Metaspace       used 45424K, capacity 48050K, committed 48296K, reserved 1091584K
  class space    used 6288K, capacity 7026K, committed 7080K, reserved 1048576K
Event: 158.907 GC heap after
Heap after GC invocations=70 (full 4):
 PSYoungGen      total 222720K, used 105956K [0x00000000eab00000, 0x0000000100000000, 0x0000000100000000)
  eden space 116736K, 0% used [0x00000000eab00000,0x00000000eab00000,0x00000000f1d00000)
  from space 105984K, 99% used [0x00000000f9880000,0x00000000ffff92b8,0x0000000100000000)
  to   space 116224K, 0% used [0x00000000f1d00000,0x00000000f1d00000,0x00000000f8e80000)
 ParOldGen       total 236032K, used 179218K [0x00000000c0000000, 0x00000000ce680000, 0x00000000eab00000)
  object space 236032K, 75% used [0x00000000c0000000,0x00000000caf04b60,0x00000000ce680000)
 Metaspace       used 45424K, capacity 48050K, committed 48296K, reserved 1091584K
  class space    used 6288K, capacity 7026K, committed 7080K, reserved 1048576K
}
Event: 161.983 GC heap before
{Heap before GC invocations=71 (full 4):
 PSYoungGen      total 222720K, used 222692K [0x00000000eab00000, 0x0000000100000000, 0x0000000100000000)
  eden space 116736K, 100% used [0x00000000eab00000,0x00000000f1d00000,0x00000000f1d00000)
  from space 105984K, 99% used [0x00000000f9880000,0x00000000ffff92b8,0x0000000100000000)
  to   space 116224K, 0% used [0x00000000f1d00000,0x00000000f1d00000,0x00000000f8e80000)
 ParOldGen       total 236032K, used 179218K [0x00000000c0000000, 0x00000000ce680000, 0x00000000eab00000)
  object space 236032K, 75% used [0x00000000c0000000,0x00000000caf04b60,0x00000000ce680000)
 Metaspace       used 45455K, capacity 48138K, committed 48296K, reserved 1091584K
  class space    used 6290K, capacity 7030K, committed 7080K, reserved 1048576K
Event: 162.021 GC heap after
Heap after GC invocations=71 (full 4):
 PSYoungGen      total 232960K, used 107463K [0x00000000eab00000, 0x0000000100000000, 0x0000000100000000)
  eden space 116736K, 0% used [0x00000000eab00000,0x00000000eab00000,0x00000000f1d00000)
  from space 116224K, 92% used [0x00000000f1d00000,0x00000000f85f1ca0,0x00000000f8e80000)
  to   space 116224K, 0% used [0x00000000f8e80000,0x00000000f8e80000,0x0000000100000000)
 ParOldGen       total 236032K, used 179258K [0x00000000c0000000, 0x00000000ce680000, 0x00000000eab00000)
  object space 236032K, 75% used [0x00000000c0000000,0x00000000caf0eb60,0x00000000ce680000)
 Metaspace       used 45455K, capacity 48138K, committed 48296K, reserved 1091584K
  class space    used 6290K, capacity 7030K, committed 7080K, reserved 1048576K
}
Event: 164.977 GC heap before
{Heap before GC invocations=72 (full 4):
 PSYoungGen      total 232960K, used 224199K [0x00000000eab00000, 0x0000000100000000, 0x0000000100000000)
  eden space 116736K, 100% used [0x00000000eab00000,0x00000000f1d00000,0x00000000f1d00000)
  from space 116224K, 92% used [0x00000000f1d00000,0x00000000f85f1ca0,0x00000000f8e80000)
  to   space 116224K, 0% used [0x00000000f8e80000,0x00000000f8e80000,0x0000000100000000)
 ParOldGen       total 236032K, used 179258K [0x00000000c0000000, 0x00000000ce680000, 0x00000000eab00000)
  object space 236032K, 75% used [0x00000000c0000000,0x00000000caf0eb60,0x00000000ce680000)
 Metaspace       used 45455K, capacity 48138K, committed 48296K, reserved 1091584K
  class space    used 6290K, capacity 7030K, committed 7080K, reserved 1048576K
Event: 165.014 GC heap after
Heap after GC invocations=72 (full 4):
 PSYoungGen      total 232960K, used 107307K [0x00000000eab00000, 0x0000000100000000, 0x0000000100000000)
  eden space 116736K, 0% used [0x00000000eab00000,0x00000000eab00000,0x00000000f1d00000)
  from space 116224K, 92% used [0x00000000f8e80000,0x00000000ff74ae98,0x0000000100000000)
  to   space 116224K, 0% used [0x00000000f1d00000,0x00000000f1d00000,0x00000000f8e80000)
 ParOldGen       total 236032K, used 179441K [0x00000000c0000000, 0x00000000ce680000, 0x00000000eab00000)
  object space 236032K, 76% used [0x00000000c0000000,0x00000000caf3c4f8,0x00000000ce680000)
 Metaspace       used 45455K, capacity 48138K, committed 48296K, reserved 1091584K
  class space    used 6290K, capacity 7030K, committed 7080K, reserved 1048576K
}
Event: 169.966 GC heap before
{Heap before GC invocations=73 (full 4):
 PSYoungGen      total 232960K, used 224043K [0x00000000eab00000, 0x0000000100000000, 0x0000000100000000)
  eden space 116736K, 100% used [0x00000000eab00000,0x00000000f1d00000,0x00000000f1d00000)
  from space 116224K, 92% used [0x00000000f8e80000,0x00000000ff74ae98,0x0000000100000000)
  to   space 116224K, 0% used [0x00000000f1d00000,0x00000000f1d00000,0x00000000f8e80000)
 ParOldGen       total 236032K, used 179441K [0x00000000c0000000, 0x00000000ce680000, 0x00000000eab00000)
  object space 236032K, 76% used [0x00000000c0000000,0x00000000caf3c4f8,0x00000000ce680000)
 Metaspace       used 45486K, capacity 48138K, committed 48296K, reserved 1091584K
  class space    used 6290K, capacity 7030K, committed 7080K, reserved 1048576K
Event: 170.007 GC heap after
Heap after GC invocations=73 (full 4):
 PSYoungGen      total 232960K, used 108227K [0x00000000eab00000, 0x0000000100000000, 0x0000000100000000)
  eden space 116736K, 0% used [0x00000000eab00000,0x00000000eab00000,0x00000000f1d00000)
  from space 116224K, 93% used [0x00000000f1d00000,0x00000000f86b0ed0,0x00000000f8e80000)
  to   space 116224K, 0% used [0x00000000f8e80000,0x00000000f8e80000,0x0000000100000000)
 ParOldGen       total 236032K, used 180257K [0x00000000c0000000, 0x00000000ce680000, 0x00000000eab00000)
  object space 236032K, 76% used [0x00000000c0000000,0x00000000cb0084f8,0x00000000ce680000)
 Metaspace       used 45486K, capacity 48138K, committed 48296K, reserved 1091584K
  class space    used 6290K, capacity 7030K, committed 7080K, reserved 1048576K
}

